Arguments: 
  C:\Program Files\nodejs\node.exe C:\Users\lican\AppData\Roaming\npm\node_modules\yarn\bin\yarn.js add appium appium-selenium selenium-webdriver -D

PATH: 
  C:\WINDOWS\system32;C:\WINDOWS;C:\WINDOWS\System32\Wbem;C:\WINDOWS\System32\WindowsPowerShell\v1.0\;C:\WINDOWS\System32\OpenSSH\;C:\Program Files\nodejs\;C:\Program Files\dotnet\;C:\Program Files\Git\cmd;C:\Program Files\Microsoft SQL Server\130\Tools\Binn\;C:\Users\lican\AppData\Local\Microsoft\WindowsApps;C:\Users\lican\AppData\Roaming\npm;C:\Users\lican\AppData\Local\Programs\Microsoft VS Code\bin;

Yarn version: 
  1.12.1

Node version: 
  8.12.0

Platform: 
  win32 x64

Trace: 
  Error: https://registry.yarnpkg.com/appium-selenium: Not found
      at Request.params.callback [as _callback] (C:\Users\lican\AppData\Roaming\npm\node_modules\yarn\lib\cli.js:62126:18)
      at Request.self.callback (C:\Users\lican\AppData\Roaming\npm\node_modules\yarn\lib\cli.js:124482:22)
      at emitTwo (events.js:126:13)
      at Request.emit (events.js:214:7)
      at Request.<anonymous> (C:\Users\lican\AppData\Roaming\npm\node_modules\yarn\lib\cli.js:125454:10)
      at emitOne (events.js:116:13)
      at Request.emit (events.js:211:7)
      at IncomingMessage.<anonymous> (C:\Users\lican\AppData\Roaming\npm\node_modules\yarn\lib\cli.js:125376:12)
      at Object.onceWrapper (events.js:313:30)
      at emitNone (events.js:111:20)

npm manifest: 
  {
    "name": "example",
    "version": "1.0.0",
    "description": "",
    "main": "index.js",
    "scripts": {
      "test": "echo \"Error: no test specified\" && exit 1"
    },
    "keywords": [],
    "author": "Canhua Li <licanhua@live.com> (https://github.com/licanhua)",
    "license": "ISC"
  }

yarn manifest: 
  No manifest

Lockfile: 
  # THIS IS AN AUTOGENERATED FILE. DO NOT EDIT THIS FILE DIRECTLY.
  # yarn lockfile v1
